c:\users\lucho\source\repos\izhicategorization-mymix\izhicategorization-mymix\debug\vc142.pdb
c:\users\lucho\source\repos\izhicategorization-mymix\izhicategorization-mymix\debug\vc142.idb
c:\users\lucho\source\repos\izhicategorization-mymix\izhicategorization-mymix\debug\izhinnarch.obj
c:\users\lucho\source\repos\izhicategorization-mymix\izhicategorization-mymix\debug\izhinn.obj
c:\users\lucho\source\repos\izhicategorization-mymix\izhicategorization-mymix\debug\nervoussystem.obj
c:\users\lucho\source\repos\izhicategorization-mymix\izhicategorization-mymix\debug\izhicategorization-mymix.obj
c:\users\lucho\source\repos\izhicategorization-mymix\izhicategorization-mymix\debug\agent.obj
c:\users\lucho\source\repos\izhicategorization-mymix\izhicategorization-mymix\debug\tsearch.obj
c:\users\lucho\source\repos\izhicategorization-mymix\izhicategorization-mymix\debug\random.obj
c:\users\lucho\source\repos\izhicategorization-mymix\izhicategorization-mymix\debug\environment.obj
c:\users\lucho\source\repos\izhicategorization-mymix\izhicategorization-mymix\debug\vcpkg.applocal.log
c:\users\lucho\source\repos\izhicategorization-mymix\debug\pthreadvc3d.dll
c:\users\lucho\source\repos\izhicategorization-mymix\debug\izhicategorization-mymix.exe
c:\users\lucho\source\repos\izhicategorization-mymix\debug\izhicategorization-mymix.ilk
c:\users\lucho\source\repos\izhicategorization-mymix\debug\izhicategorization-mymix.pdb
c:\users\lucho\source\repos\izhicategorization-mymix\izhicategorization-mymix\debug\izhicate.22b2b251.tlog\cl.command.1.tlog
c:\users\lucho\source\repos\izhicategorization-mymix\izhicategorization-mymix\debug\izhicate.22b2b251.tlog\cl.read.1.tlog
c:\users\lucho\source\repos\izhicategorization-mymix\izhicategorization-mymix\debug\izhicate.22b2b251.tlog\cl.write.1.tlog
c:\users\lucho\source\repos\izhicategorization-mymix\izhicategorization-mymix\debug\izhicate.22b2b251.tlog\izhicategorization-mymix.write.1u.tlog
c:\users\lucho\source\repos\izhicategorization-mymix\izhicategorization-mymix\debug\izhicate.22b2b251.tlog\link.command.1.tlog
c:\users\lucho\source\repos\izhicategorization-mymix\izhicategorization-mymix\debug\izhicate.22b2b251.tlog\link.read.1.tlog
c:\users\lucho\source\repos\izhicategorization-mymix\izhicategorization-mymix\debug\izhicate.22b2b251.tlog\link.write.1.tlog
