c:\users\lucho\source\repos\izhicategorization-mymix\izhicategorization-mymix\release\vc142.pdb
c:\users\lucho\source\repos\izhicategorization-mymix\izhicategorization-mymix\release\tsearch.obj
c:\users\lucho\source\repos\izhicategorization-mymix\izhicategorization-mymix\release\random.obj
c:\users\lucho\source\repos\izhicategorization-mymix\izhicategorization-mymix\release\nervoussystem.obj
c:\users\lucho\source\repos\izhicategorization-mymix\izhicategorization-mymix\release\izhinnarch.obj
c:\users\lucho\source\repos\izhicategorization-mymix\izhicategorization-mymix\release\izhinn.obj
c:\users\lucho\source\repos\izhicategorization-mymix\izhicategorization-mymix\release\izhicategorization-mymix.obj
c:\users\lucho\source\repos\izhicategorization-mymix\izhicategorization-mymix\release\environment.obj
c:\users\lucho\source\repos\izhicategorization-mymix\izhicategorization-mymix\release\agent.obj
c:\users\lucho\source\repos\izhicategorization-mymixsim\izhicategorization-mymix\release\vc142.pdb
c:\users\lucho\source\repos\izhicategorization-mymixsim\izhicategorization-mymix\release\tsearch.obj
c:\users\lucho\source\repos\izhicategorization-mymixsim\izhicategorization-mymix\release\random.obj
c:\users\lucho\source\repos\izhicategorization-mymixsim\izhicategorization-mymix\release\nervoussystem.obj
c:\users\lucho\source\repos\izhicategorization-mymixsim\izhicategorization-mymix\release\izhinn.obj
c:\users\lucho\source\repos\izhicategorization-mymixsim\izhicategorization-mymix\release\izhicategorization-mymix.obj
c:\users\lucho\source\repos\izhicategorization-mymixsim\izhicategorization-mymix\release\environment.obj
c:\users\lucho\source\repos\izhicategorization-mymixsim\izhicategorization-mymix\release\agent.obj
c:\users\lucho\source\repos\izhicategorization-mymixsim\izhicategorization-mymix\release\izhinnarch.obj
c:\users\lucho\source\repos\izhicategorization-mymix\release\izhicategorization-mymix.ipdb
c:\users\lucho\source\repos\izhicategorization-mymix\release\izhicategorization-mymix.iobj
c:\users\lucho\source\repos\izhicategorization-mymix\izhicategorization-mymix\release\vcpkg.applocal.log
c:\users\lucho\source\repos\izhicategorization-mymix\release\pthreadvc3.dll
c:\users\lucho\source\repos\izhicategorization-mymixsim\release\izhicategorization-mymixsim.ipdb
c:\users\lucho\source\repos\izhicategorization-mymixsim\release\izhicategorization-mymixsim.iobj
c:\users\lucho\source\repos\izhicategorization-mymixsim\izhicategorization-mymix\release\vcpkg.applocal.log
c:\users\lucho\source\repos\izhicategorization-mymixsim\release\pthreadvc3.dll
c:\users\lucho\source\repos\izhicategorization-mymix\release\izhicategorization-mymix.exe
c:\users\lucho\source\repos\izhicategorization-mymix\release\izhicategorization-mymix.pdb
c:\users\lucho\source\repos\izhicategorization-mymixsim\release\izhicategorization-mymixsim.exe
c:\users\lucho\source\repos\izhicategorization-mymixsim\release\izhicategorization-mymixsim.pdb
c:\users\lucho\source\repos\izhicategorization-mymixsim\izhicategorization-mymix\release\izhicate.22b2b251.tlog\cl.command.1.tlog
c:\users\lucho\source\repos\izhicategorization-mymixsim\izhicategorization-mymix\release\izhicate.22b2b251.tlog\cl.read.1.tlog
c:\users\lucho\source\repos\izhicategorization-mymixsim\izhicategorization-mymix\release\izhicate.22b2b251.tlog\cl.write.1.tlog
c:\users\lucho\source\repos\izhicategorization-mymixsim\izhicategorization-mymix\release\izhicate.22b2b251.tlog\izhicategorization-mymix.write.1u.tlog
c:\users\lucho\source\repos\izhicategorization-mymixsim\izhicategorization-mymix\release\izhicate.22b2b251.tlog\izhicategorization-mymixsim.write.1u.tlog
c:\users\lucho\source\repos\izhicategorization-mymixsim\izhicategorization-mymix\release\izhicate.22b2b251.tlog\link.command.1.tlog
c:\users\lucho\source\repos\izhicategorization-mymixsim\izhicategorization-mymix\release\izhicate.22b2b251.tlog\link.delete.1.tlog
c:\users\lucho\source\repos\izhicategorization-mymixsim\izhicategorization-mymix\release\izhicate.22b2b251.tlog\link.read.1.tlog
c:\users\lucho\source\repos\izhicategorization-mymixsim\izhicategorization-mymix\release\izhicate.22b2b251.tlog\link.write.1.tlog
